[2026-04-19T20:12:26.384+0000] {manager.py:469} INFO - Processing files using up to 2 processes at a time 
[2026-04-19T20:12:26.391+0000] {manager.py:470} INFO - Process each file at most once every 30 seconds
[2026-04-19T20:12:26.393+0000] {manager.py:471} INFO - Checking for new files in /opt/airflow/dags every 300 seconds
[2026-04-19T20:12:26.396+0000] {manager.py:738} INFO - Searching for files in /opt/airflow/dags
[2026-04-19T20:12:26.974+0000] {manager.py:741} INFO - There are 1 files in /opt/airflow/dags
[2026-04-19T20:12:29.147+0000] {manager.py:879} INFO - 
================================================================================
DAG File Processing Stats

File Path                             PID  Runtime      # DAGs    # Errors  Last Runtime    Last Run
----------------------------------  -----  ---------  --------  ----------  --------------  ----------
/opt/airflow/dags/coingecko_dag.py    186  1.06s             0           0
================================================================================
[2026-04-19T20:12:59.471+0000] {manager.py:879} INFO - 
================================================================================
DAG File Processing Stats

File Path                           PID    Runtime      # DAGs    # Errors  Last Runtime    Last Run
----------------------------------  -----  ---------  --------  ----------  --------------  -------------------
/opt/airflow/dags/coingecko_dag.py                           1           0  12.89s          2026-04-19T20:12:40
================================================================================
[2026-04-19T20:13:29.532+0000] {manager.py:879} INFO - 
================================================================================
DAG File Processing Stats

File Path                           PID    Runtime      # DAGs    # Errors  Last Runtime    Last Run
----------------------------------  -----  ---------  --------  ----------  --------------  -------------------
/opt/airflow/dags/coingecko_dag.py                           1           0  3.36s           2026-04-19T20:13:14
================================================================================
[2026-04-19T20:13:59.932+0000] {manager.py:879} INFO - 
================================================================================
DAG File Processing Stats

File Path                           PID    Runtime      # DAGs    # Errors  Last Runtime    Last Run
----------------------------------  -----  ---------  --------  ----------  --------------  -------------------
/opt/airflow/dags/coingecko_dag.py                           1           0  2.98s           2026-04-19T20:13:47
================================================================================
[2026-04-19T20:14:30.419+0000] {manager.py:879} INFO - 
================================================================================
DAG File Processing Stats

File Path                           PID    Runtime      # DAGs    # Errors  Last Runtime    Last Run
----------------------------------  -----  ---------  --------  ----------  --------------  -------------------
/opt/airflow/dags/coingecko_dag.py                           1           0  1.32s           2026-04-19T20:14:19
================================================================================
[2026-04-19T20:15:00.402+0000] {manager.py:879} INFO - 
================================================================================
DAG File Processing Stats

File Path                           PID    Runtime      # DAGs    # Errors  Last Runtime    Last Run
----------------------------------  -----  ---------  --------  ----------  --------------  -------------------
/opt/airflow/dags/coingecko_dag.py                           1           0  1.28s           2026-04-19T20:14:50
================================================================================
[2026-04-19T20:15:30.859+0000] {manager.py:879} INFO - 
================================================================================
DAG File Processing Stats

File Path                           PID    Runtime      # DAGs    # Errors  Last Runtime    Last Run
----------------------------------  -----  ---------  --------  ----------  --------------  -------------------
/opt/airflow/dags/coingecko_dag.py                           1           0  1.31s           2026-04-19T20:15:22
================================================================================
[2026-04-19T20:16:01.886+0000] {manager.py:879} INFO - 
================================================================================
DAG File Processing Stats

File Path                           PID    Runtime      # DAGs    # Errors  Last Runtime    Last Run
----------------------------------  -----  ---------  --------  ----------  --------------  -------------------
/opt/airflow/dags/coingecko_dag.py                           1           0  0.83s           2026-04-19T20:15:53
================================================================================
[2026-04-19T20:16:32.377+0000] {manager.py:879} INFO - 
================================================================================
DAG File Processing Stats

File Path                           PID    Runtime      # DAGs    # Errors  Last Runtime    Last Run
----------------------------------  -----  ---------  --------  ----------  --------------  -------------------
/opt/airflow/dags/coingecko_dag.py                           1           0  1.27s           2026-04-19T20:16:25
================================================================================
[2026-04-19T20:17:02.713+0000] {manager.py:879} INFO - 
================================================================================
DAG File Processing Stats

File Path                           PID    Runtime      # DAGs    # Errors  Last Runtime    Last Run
----------------------------------  -----  ---------  --------  ----------  --------------  -------------------
/opt/airflow/dags/coingecko_dag.py                           1           0  0.90s           2026-04-19T20:16:56
================================================================================
[2026-04-19T20:17:27.019+0000] {manager.py:738} INFO - Searching for files in /opt/airflow/dags
[2026-04-19T20:17:27.114+0000] {manager.py:741} INFO - There are 1 files in /opt/airflow/dags
[2026-04-19T20:17:33.231+0000] {manager.py:879} INFO - 
================================================================================
DAG File Processing Stats

File Path                           PID    Runtime      # DAGs    # Errors  Last Runtime    Last Run
----------------------------------  -----  ---------  --------  ----------  --------------  -------------------
/opt/airflow/dags/coingecko_dag.py                           1           0  0.96s           2026-04-19T20:17:28
================================================================================
[2026-04-19T20:18:02.659+0000] {manager.py:879} INFO - 
================================================================================
DAG File Processing Stats

File Path                           PID    Runtime      # DAGs    # Errors  Last Runtime    Last Run
----------------------------------  -----  ---------  --------  ----------  --------------  -------------------
/opt/airflow/dags/coingecko_dag.py                           1           0  0.79s           2026-04-19T20:17:59
================================================================================
[2026-04-19T20:18:32.901+0000] {manager.py:879} INFO - 
================================================================================
DAG File Processing Stats

File Path                           PID    Runtime      # DAGs    # Errors  Last Runtime    Last Run
----------------------------------  -----  ---------  --------  ----------  --------------  -------------------
/opt/airflow/dags/coingecko_dag.py                           1           0  0.91s           2026-04-19T20:18:30
================================================================================
[2026-04-19T20:19:03.235+0000] {manager.py:879} INFO - 
================================================================================
DAG File Processing Stats

File Path                           PID    Runtime      # DAGs    # Errors  Last Runtime    Last Run
----------------------------------  -----  ---------  --------  ----------  --------------  -------------------
/opt/airflow/dags/coingecko_dag.py                           1           0  1.30s           2026-04-19T20:19:02
================================================================================
[2026-04-19T20:19:32.443+0000] {manager.py:879} INFO - 
================================================================================
DAG File Processing Stats

File Path                             PID  Runtime      # DAGs    # Errors  Last Runtime    Last Run
----------------------------------  -----  ---------  --------  ----------  --------------  -------------------
/opt/airflow/dags/coingecko_dag.py    274  0.02s             1           0  1.30s           2026-04-19T20:19:02
================================================================================
[2026-04-19T20:20:02.492+0000] {manager.py:879} INFO - 
================================================================================
DAG File Processing Stats

File Path                           PID    Runtime      # DAGs    # Errors  Last Runtime    Last Run
----------------------------------  -----  ---------  --------  ----------  --------------  -------------------
/opt/airflow/dags/coingecko_dag.py                           1           0  1.04s           2026-04-19T20:19:33
================================================================================
[2026-04-19T20:20:32.396+0000] {manager.py:879} INFO - 
================================================================================
DAG File Processing Stats

File Path                           PID    Runtime      # DAGs    # Errors  Last Runtime    Last Run
----------------------------------  -----  ---------  --------  ----------  --------------  -------------------
/opt/airflow/dags/coingecko_dag.py                           1           0  0.92s           2026-04-19T20:20:04
================================================================================
[2026-04-19T20:21:01.873+0000] {manager.py:879} INFO - 
================================================================================
DAG File Processing Stats

File Path                           PID    Runtime      # DAGs    # Errors  Last Runtime    Last Run
----------------------------------  -----  ---------  --------  ----------  --------------  -------------------
/opt/airflow/dags/coingecko_dag.py                           1           0  2.41s           2026-04-19T20:20:37
================================================================================
[2026-04-19T20:21:31.417+0000] {manager.py:879} INFO - 
================================================================================
DAG File Processing Stats

File Path                           PID    Runtime      # DAGs    # Errors  Last Runtime    Last Run
----------------------------------  -----  ---------  --------  ----------  --------------  -------------------
/opt/airflow/dags/coingecko_dag.py                           1           0  1.11s           2026-04-19T20:21:08
================================================================================
[2026-04-19T20:22:01.585+0000] {manager.py:879} INFO - 
================================================================================
DAG File Processing Stats

File Path                           PID    Runtime      # DAGs    # Errors  Last Runtime    Last Run
----------------------------------  -----  ---------  --------  ----------  --------------  -------------------
/opt/airflow/dags/coingecko_dag.py                           1           0  9.02s           2026-04-19T20:21:48
================================================================================
[2026-04-19T20:22:27.605+0000] {manager.py:738} INFO - Searching for files in /opt/airflow/dags
[2026-04-19T20:22:27.687+0000] {manager.py:741} INFO - There are 1 files in /opt/airflow/dags
[2026-04-19T20:22:31.823+0000] {manager.py:879} INFO - 
================================================================================
DAG File Processing Stats

File Path                           PID    Runtime      # DAGs    # Errors  Last Runtime    Last Run
----------------------------------  -----  ---------  --------  ----------  --------------  -------------------
/opt/airflow/dags/coingecko_dag.py                           1           0  3.23s           2026-04-19T20:22:21
================================================================================
[2026-04-19T20:23:01.012+0000] {manager.py:879} INFO - 
================================================================================
DAG File Processing Stats

File Path                           PID    Runtime      # DAGs    # Errors  Last Runtime    Last Run
----------------------------------  -----  ---------  --------  ----------  --------------  -------------------
/opt/airflow/dags/coingecko_dag.py                           1           0  1.69s           2026-04-19T20:22:53
================================================================================
[2026-04-19T20:23:30.843+0000] {manager.py:879} INFO - 
================================================================================
DAG File Processing Stats

File Path                           PID    Runtime      # DAGs    # Errors  Last Runtime    Last Run
----------------------------------  -----  ---------  --------  ----------  --------------  -------------------
/opt/airflow/dags/coingecko_dag.py                           1           0  1.96s           2026-04-19T20:23:26
================================================================================
[2026-04-19T20:24:00.142+0000] {manager.py:879} INFO - 
================================================================================
DAG File Processing Stats

File Path                           PID    Runtime      # DAGs    # Errors  Last Runtime    Last Run
----------------------------------  -----  ---------  --------  ----------  --------------  -------------------
/opt/airflow/dags/coingecko_dag.py                           1           0  1.86s           2026-04-19T20:23:58
================================================================================
[2026-04-19T20:24:29.378+0000] {manager.py:879} INFO - 
================================================================================
DAG File Processing Stats

File Path                             PID  Runtime      # DAGs    # Errors  Last Runtime    Last Run
----------------------------------  -----  ---------  --------  ----------  --------------  -------------------
/opt/airflow/dags/coingecko_dag.py    334  0.05s             1           0  1.86s           2026-04-19T20:23:58
================================================================================
[2026-04-19T20:24:59.192+0000] {manager.py:879} INFO - 
================================================================================
DAG File Processing Stats

File Path                           PID    Runtime      # DAGs    # Errors  Last Runtime    Last Run
----------------------------------  -----  ---------  --------  ----------  --------------  -------------------
/opt/airflow/dags/coingecko_dag.py                           1           0  15.84s          2026-04-19T20:24:45
================================================================================
[2026-04-19T20:25:28.681+0000] {manager.py:879} INFO - 
================================================================================
DAG File Processing Stats

File Path                           PID    Runtime      # DAGs    # Errors  Last Runtime    Last Run
----------------------------------  -----  ---------  --------  ----------  --------------  -------------------
/opt/airflow/dags/coingecko_dag.py                           1           0  6.42s           2026-04-19T20:25:21
================================================================================
[2026-04-19T20:25:57.749+0000] {manager.py:879} INFO - 
================================================================================
DAG File Processing Stats

File Path                           PID    Runtime      # DAGs    # Errors  Last Runtime    Last Run
----------------------------------  -----  ---------  --------  ----------  --------------  -------------------
/opt/airflow/dags/coingecko_dag.py                           1           0  1.44s           2026-04-19T20:25:53
================================================================================
[2026-04-19T20:26:27.642+0000] {manager.py:879} INFO - 
================================================================================
DAG File Processing Stats

File Path                           PID    Runtime      # DAGs    # Errors  Last Runtime    Last Run
----------------------------------  -----  ---------  --------  ----------  --------------  -------------------
/opt/airflow/dags/coingecko_dag.py                           1           0  2.73s           2026-04-19T20:26:26
================================================================================
[2026-04-19T20:26:57.513+0000] {manager.py:879} INFO - 
================================================================================
DAG File Processing Stats

File Path                             PID  Runtime      # DAGs    # Errors  Last Runtime    Last Run
----------------------------------  -----  ---------  --------  ----------  --------------  -------------------
/opt/airflow/dags/coingecko_dag.py    359  0.47s             1           0  2.73s           2026-04-19T20:26:26
================================================================================
[2026-04-19T20:27:27.056+0000] {manager.py:879} INFO - 
================================================================================
DAG File Processing Stats

File Path                           PID    Runtime      # DAGs    # Errors  Last Runtime    Last Run
----------------------------------  -----  ---------  --------  ----------  --------------  -------------------
/opt/airflow/dags/coingecko_dag.py                           1           0  1.90s           2026-04-19T20:26:58
================================================================================
[2026-04-19T20:27:28.065+0000] {manager.py:738} INFO - Searching for files in /opt/airflow/dags
[2026-04-19T20:27:28.131+0000] {manager.py:741} INFO - There are 1 files in /opt/airflow/dags
[2026-04-19T20:27:57.945+0000] {manager.py:879} INFO - 
================================================================================
DAG File Processing Stats

File Path                           PID    Runtime      # DAGs    # Errors  Last Runtime    Last Run
----------------------------------  -----  ---------  --------  ----------  --------------  -------------------
/opt/airflow/dags/coingecko_dag.py                           1           0  3.27s           2026-04-19T20:27:32
================================================================================
[2026-04-19T20:28:27.971+0000] {manager.py:879} INFO - 
================================================================================
DAG File Processing Stats

File Path                           PID    Runtime      # DAGs    # Errors  Last Runtime    Last Run
----------------------------------  -----  ---------  --------  ----------  --------------  -------------------
/opt/airflow/dags/coingecko_dag.py                           1           0  1.92s           2026-04-19T20:28:04
================================================================================
[2026-04-19T20:28:58.861+0000] {manager.py:879} INFO - 
================================================================================
DAG File Processing Stats

File Path                           PID    Runtime      # DAGs    # Errors  Last Runtime    Last Run
----------------------------------  -----  ---------  --------  ----------  --------------  -------------------
/opt/airflow/dags/coingecko_dag.py                           1           0  1.69s           2026-04-19T20:28:36
================================================================================
