[2026-04-19T20:24:18.358+0000] {taskinstance.py:1956} INFO - Dependencies all met for dep_context=non-requeueable deps ti=<TaskInstance: coingecko_pipeline.run_coingecko_pipeline scheduled__2026-04-19T19:00:00+00:00 [queued]>
[2026-04-19T20:24:18.517+0000] {taskinstance.py:1956} INFO - Dependencies all met for dep_context=requeueable deps ti=<TaskInstance: coingecko_pipeline.run_coingecko_pipeline scheduled__2026-04-19T19:00:00+00:00 [queued]>
[2026-04-19T20:24:18.519+0000] {taskinstance.py:2170} INFO - Starting attempt 1 of 2
[2026-04-19T20:24:18.684+0000] {taskinstance.py:2191} INFO - Executing <Task(PythonOperator): run_coingecko_pipeline> on 2026-04-19 19:00:00+00:00
[2026-04-19T20:24:18.771+0000] {standard_task_runner.py:60} INFO - Started process 331 to run task
[2026-04-19T20:24:18.883+0000] {standard_task_runner.py:87} INFO - Running: ['***', 'tasks', 'run', 'coingecko_pipeline', 'run_coingecko_pipeline', 'scheduled__2026-04-19T19:00:00+00:00', '--job-id', '2', '--raw', '--subdir', 'DAGS_FOLDER/coingecko_dag.py', '--cfg-path', '/tmp/tmpw8i6ksv_']
[2026-04-19T20:24:18.935+0000] {standard_task_runner.py:88} INFO - Job 2: Subtask run_coingecko_pipeline
[2026-04-19T20:24:22.657+0000] {task_command.py:423} INFO - Running <TaskInstance: coingecko_pipeline.run_coingecko_pipeline scheduled__2026-04-19T19:00:00+00:00 [running]> on host 55356c8814ef
[2026-04-19T20:24:26.596+0000] {taskinstance.py:2480} INFO - Exporting env vars: AIRFLOW_CTX_DAG_OWNER='marie' AIRFLOW_CTX_DAG_ID='coingecko_pipeline' AIRFLOW_CTX_TASK_ID='run_coingecko_pipeline' AIRFLOW_CTX_EXECUTION_DATE='2026-04-19T19:00:00+00:00' AIRFLOW_CTX_TRY_NUMBER='1' AIRFLOW_CTX_DAG_RUN_ID='scheduled__2026-04-19T19:00:00+00:00'
[2026-04-19T20:24:40.805+0000] {logging_mixin.py:188} INFO - Data fetched successfully!
[2026-04-19T20:25:01.066+0000] {logging_mixin.py:188} INFO - Transformed 10 records.
[2026-04-19T20:25:01.078+0000] {taskinstance.py:2698} ERROR - Task failed with exception
Traceback (most recent call last):
  File "/home/airflow/.local/lib/python3.8/site-packages/airflow/models/taskinstance.py", line 433, in _execute_task
    result = execute_callable(context=context, **execute_callable_kwargs)
  File "/home/airflow/.local/lib/python3.8/site-packages/airflow/operators/python.py", line 199, in execute
    return_value = self.execute_callable()
  File "/home/airflow/.local/lib/python3.8/site-packages/airflow/operators/python.py", line 216, in execute_callable
    return self.python_callable(*self.op_args, **self.op_kwargs)
  File "/opt/airflow/dags/coingecko_dag.py", line 30, in run_pipeline
    load_crypto_data(df)
  File "/opt/airflow/src/load.py", line 18, in load_crypto_data
    conn = get_connection()
  File "/opt/airflow/src/load.py", line 8, in get_connection
    conn = psycopg2.connect(
  File "/home/airflow/.local/lib/python3.8/site-packages/psycopg2/__init__.py", line 122, in connect
    conn = _connect(dsn, connection_factory=connection_factory, **kwasync)
psycopg2.OperationalError: connection to server on socket "/var/run/postgresql/.s.PGSQL.5432" failed: No such file or directory
	Is the server running locally and accepting connections on that socket?

[2026-04-19T20:25:01.198+0000] {taskinstance.py:1138} INFO - Marking task as UP_FOR_RETRY. dag_id=coingecko_pipeline, task_id=run_coingecko_pipeline, execution_date=20260419T190000, start_date=20260419T202418, end_date=20260419T202501
[2026-04-19T20:25:01.269+0000] {standard_task_runner.py:107} ERROR - Failed to execute job 2 for task run_coingecko_pipeline (connection to server on socket "/var/run/postgresql/.s.PGSQL.5432" failed: No such file or directory
	Is the server running locally and accepting connections on that socket?
; 331)
[2026-04-19T20:25:01.364+0000] {local_task_job_runner.py:234} INFO - Task exited with return code 1
[2026-04-19T20:25:01.902+0000] {taskinstance.py:3280} INFO - 0 downstream tasks scheduled from follow-on schedule check
