[2026-04-19T20:12:28.501+0000] {processor.py:161} INFO - Started process (PID=186) to work on /opt/airflow/dags/coingecko_dag.py
[2026-04-19T20:12:28.520+0000] {processor.py:830} INFO - Processing file /opt/airflow/dags/coingecko_dag.py for tasks to queue
[2026-04-19T20:12:28.527+0000] {logging_mixin.py:188} INFO - [2026-04-19T20:12:28.522+0000] {dagbag.py:538} INFO - Filling up the DagBag from /opt/airflow/dags/coingecko_dag.py
[2026-04-19T20:12:36.595+0000] {processor.py:840} INFO - DAG(s) 'coingecko_pipeline' retrieved from /opt/airflow/dags/coingecko_dag.py
[2026-04-19T20:12:38.322+0000] {logging_mixin.py:188} INFO - [2026-04-19T20:12:38.320+0000] {override.py:1769} INFO - Created Permission View: can delete on DAG:coingecko_pipeline
[2026-04-19T20:12:40.519+0000] {logging_mixin.py:188} INFO - [2026-04-19T20:12:40.518+0000] {override.py:1769} INFO - Created Permission View: can read on DAG:coingecko_pipeline
[2026-04-19T20:12:40.552+0000] {logging_mixin.py:188} INFO - [2026-04-19T20:12:40.551+0000] {override.py:1769} INFO - Created Permission View: can edit on DAG:coingecko_pipeline
[2026-04-19T20:12:40.557+0000] {logging_mixin.py:188} INFO - [2026-04-19T20:12:40.555+0000] {dag.py:3036} INFO - Sync 1 DAGs
[2026-04-19T20:12:40.657+0000] {logging_mixin.py:188} INFO - [2026-04-19T20:12:40.653+0000] {dag.py:3058} INFO - Creating ORM DAG for coingecko_pipeline
[2026-04-19T20:12:40.724+0000] {logging_mixin.py:188} INFO - [2026-04-19T20:12:40.724+0000] {dag.py:3823} INFO - Setting next_dagrun for coingecko_pipeline to 2026-04-19 19:00:00+00:00, run_after=2026-04-19 20:00:00+00:00
[2026-04-19T20:12:40.824+0000] {processor.py:183} INFO - Processing /opt/airflow/dags/coingecko_dag.py took 12.413 seconds
[2026-04-19T20:13:11.379+0000] {processor.py:161} INFO - Started process (PID=198) to work on /opt/airflow/dags/coingecko_dag.py
[2026-04-19T20:13:11.395+0000] {processor.py:830} INFO - Processing file /opt/airflow/dags/coingecko_dag.py for tasks to queue
[2026-04-19T20:13:11.426+0000] {logging_mixin.py:188} INFO - [2026-04-19T20:13:11.425+0000] {dagbag.py:538} INFO - Filling up the DagBag from /opt/airflow/dags/coingecko_dag.py
[2026-04-19T20:13:14.226+0000] {processor.py:840} INFO - DAG(s) 'coingecko_pipeline' retrieved from /opt/airflow/dags/coingecko_dag.py
[2026-04-19T20:13:14.400+0000] {logging_mixin.py:188} INFO - [2026-04-19T20:13:14.398+0000] {dag.py:3036} INFO - Sync 1 DAGs
[2026-04-19T20:13:14.511+0000] {logging_mixin.py:188} INFO - [2026-04-19T20:13:14.510+0000] {dag.py:3823} INFO - Setting next_dagrun for coingecko_pipeline to 2026-04-19 19:00:00+00:00, run_after=2026-04-19 20:00:00+00:00
[2026-04-19T20:13:14.573+0000] {processor.py:183} INFO - Processing /opt/airflow/dags/coingecko_dag.py took 3.258 seconds
[2026-04-19T20:13:45.196+0000] {processor.py:161} INFO - Started process (PID=208) to work on /opt/airflow/dags/coingecko_dag.py
[2026-04-19T20:13:45.215+0000] {processor.py:830} INFO - Processing file /opt/airflow/dags/coingecko_dag.py for tasks to queue
[2026-04-19T20:13:45.222+0000] {logging_mixin.py:188} INFO - [2026-04-19T20:13:45.220+0000] {dagbag.py:538} INFO - Filling up the DagBag from /opt/airflow/dags/coingecko_dag.py
[2026-04-19T20:13:46.761+0000] {processor.py:840} INFO - DAG(s) 'coingecko_pipeline' retrieved from /opt/airflow/dags/coingecko_dag.py
[2026-04-19T20:13:47.425+0000] {logging_mixin.py:188} INFO - [2026-04-19T20:13:47.423+0000] {dag.py:3036} INFO - Sync 1 DAGs
[2026-04-19T20:13:47.627+0000] {logging_mixin.py:188} INFO - [2026-04-19T20:13:47.626+0000] {dag.py:3823} INFO - Setting next_dagrun for coingecko_pipeline to 2026-04-19 19:00:00+00:00, run_after=2026-04-19 20:00:00+00:00
[2026-04-19T20:13:47.703+0000] {processor.py:183} INFO - Processing /opt/airflow/dags/coingecko_dag.py took 2.555 seconds
[2026-04-19T20:14:18.340+0000] {processor.py:161} INFO - Started process (PID=214) to work on /opt/airflow/dags/coingecko_dag.py
[2026-04-19T20:14:18.345+0000] {processor.py:830} INFO - Processing file /opt/airflow/dags/coingecko_dag.py for tasks to queue
[2026-04-19T20:14:18.347+0000] {logging_mixin.py:188} INFO - [2026-04-19T20:14:18.347+0000] {dagbag.py:538} INFO - Filling up the DagBag from /opt/airflow/dags/coingecko_dag.py
[2026-04-19T20:14:18.952+0000] {processor.py:840} INFO - DAG(s) 'coingecko_pipeline' retrieved from /opt/airflow/dags/coingecko_dag.py
[2026-04-19T20:14:19.015+0000] {logging_mixin.py:188} INFO - [2026-04-19T20:14:19.014+0000] {dag.py:3036} INFO - Sync 1 DAGs
[2026-04-19T20:14:19.218+0000] {logging_mixin.py:188} INFO - [2026-04-19T20:14:19.217+0000] {dag.py:3823} INFO - Setting next_dagrun for coingecko_pipeline to 2026-04-19 19:00:00+00:00, run_after=2026-04-19 20:00:00+00:00
[2026-04-19T20:14:19.484+0000] {processor.py:183} INFO - Processing /opt/airflow/dags/coingecko_dag.py took 1.155 seconds
[2026-04-19T20:14:49.819+0000] {processor.py:161} INFO - Started process (PID=220) to work on /opt/airflow/dags/coingecko_dag.py
[2026-04-19T20:14:49.826+0000] {processor.py:830} INFO - Processing file /opt/airflow/dags/coingecko_dag.py for tasks to queue
[2026-04-19T20:14:49.829+0000] {logging_mixin.py:188} INFO - [2026-04-19T20:14:49.829+0000] {dagbag.py:538} INFO - Filling up the DagBag from /opt/airflow/dags/coingecko_dag.py
[2026-04-19T20:14:50.542+0000] {processor.py:840} INFO - DAG(s) 'coingecko_pipeline' retrieved from /opt/airflow/dags/coingecko_dag.py
[2026-04-19T20:14:50.627+0000] {logging_mixin.py:188} INFO - [2026-04-19T20:14:50.626+0000] {dag.py:3036} INFO - Sync 1 DAGs
[2026-04-19T20:14:50.880+0000] {logging_mixin.py:188} INFO - [2026-04-19T20:14:50.879+0000] {dag.py:3823} INFO - Setting next_dagrun for coingecko_pipeline to 2026-04-19 19:00:00+00:00, run_after=2026-04-19 20:00:00+00:00
[2026-04-19T20:14:50.939+0000] {processor.py:183} INFO - Processing /opt/airflow/dags/coingecko_dag.py took 1.143 seconds
[2026-04-19T20:15:21.445+0000] {processor.py:161} INFO - Started process (PID=226) to work on /opt/airflow/dags/coingecko_dag.py
[2026-04-19T20:15:21.448+0000] {processor.py:830} INFO - Processing file /opt/airflow/dags/coingecko_dag.py for tasks to queue
[2026-04-19T20:15:21.451+0000] {logging_mixin.py:188} INFO - [2026-04-19T20:15:21.450+0000] {dagbag.py:538} INFO - Filling up the DagBag from /opt/airflow/dags/coingecko_dag.py
[2026-04-19T20:15:22.069+0000] {processor.py:840} INFO - DAG(s) 'coingecko_pipeline' retrieved from /opt/airflow/dags/coingecko_dag.py
[2026-04-19T20:15:22.426+0000] {logging_mixin.py:188} INFO - [2026-04-19T20:15:22.424+0000] {dag.py:3036} INFO - Sync 1 DAGs
[2026-04-19T20:15:22.512+0000] {logging_mixin.py:188} INFO - [2026-04-19T20:15:22.512+0000] {dag.py:3823} INFO - Setting next_dagrun for coingecko_pipeline to 2026-04-19 19:00:00+00:00, run_after=2026-04-19 20:00:00+00:00
[2026-04-19T20:15:22.575+0000] {processor.py:183} INFO - Processing /opt/airflow/dags/coingecko_dag.py took 1.139 seconds
[2026-04-19T20:15:53.045+0000] {processor.py:161} INFO - Started process (PID=232) to work on /opt/airflow/dags/coingecko_dag.py
[2026-04-19T20:15:53.047+0000] {processor.py:830} INFO - Processing file /opt/airflow/dags/coingecko_dag.py for tasks to queue
[2026-04-19T20:15:53.049+0000] {logging_mixin.py:188} INFO - [2026-04-19T20:15:53.049+0000] {dagbag.py:538} INFO - Filling up the DagBag from /opt/airflow/dags/coingecko_dag.py
[2026-04-19T20:15:53.575+0000] {processor.py:840} INFO - DAG(s) 'coingecko_pipeline' retrieved from /opt/airflow/dags/coingecko_dag.py
[2026-04-19T20:15:53.634+0000] {logging_mixin.py:188} INFO - [2026-04-19T20:15:53.634+0000] {dag.py:3036} INFO - Sync 1 DAGs
[2026-04-19T20:15:53.699+0000] {logging_mixin.py:188} INFO - [2026-04-19T20:15:53.699+0000] {dag.py:3823} INFO - Setting next_dagrun for coingecko_pipeline to 2026-04-19 19:00:00+00:00, run_after=2026-04-19 20:00:00+00:00
[2026-04-19T20:15:53.735+0000] {processor.py:183} INFO - Processing /opt/airflow/dags/coingecko_dag.py took 0.697 seconds
[2026-04-19T20:16:24.311+0000] {processor.py:161} INFO - Started process (PID=238) to work on /opt/airflow/dags/coingecko_dag.py
[2026-04-19T20:16:24.315+0000] {processor.py:830} INFO - Processing file /opt/airflow/dags/coingecko_dag.py for tasks to queue
[2026-04-19T20:16:24.319+0000] {logging_mixin.py:188} INFO - [2026-04-19T20:16:24.318+0000] {dagbag.py:538} INFO - Filling up the DagBag from /opt/airflow/dags/coingecko_dag.py
[2026-04-19T20:16:25.126+0000] {processor.py:840} INFO - DAG(s) 'coingecko_pipeline' retrieved from /opt/airflow/dags/coingecko_dag.py
[2026-04-19T20:16:25.238+0000] {logging_mixin.py:188} INFO - [2026-04-19T20:16:25.236+0000] {dag.py:3036} INFO - Sync 1 DAGs
[2026-04-19T20:16:25.345+0000] {logging_mixin.py:188} INFO - [2026-04-19T20:16:25.344+0000] {dag.py:3823} INFO - Setting next_dagrun for coingecko_pipeline to 2026-04-19 19:00:00+00:00, run_after=2026-04-19 20:00:00+00:00
[2026-04-19T20:16:25.403+0000] {processor.py:183} INFO - Processing /opt/airflow/dags/coingecko_dag.py took 1.116 seconds
[2026-04-19T20:16:55.802+0000] {processor.py:161} INFO - Started process (PID=244) to work on /opt/airflow/dags/coingecko_dag.py
[2026-04-19T20:16:55.806+0000] {processor.py:830} INFO - Processing file /opt/airflow/dags/coingecko_dag.py for tasks to queue
[2026-04-19T20:16:55.810+0000] {logging_mixin.py:188} INFO - [2026-04-19T20:16:55.809+0000] {dagbag.py:538} INFO - Filling up the DagBag from /opt/airflow/dags/coingecko_dag.py
[2026-04-19T20:16:56.420+0000] {processor.py:840} INFO - DAG(s) 'coingecko_pipeline' retrieved from /opt/airflow/dags/coingecko_dag.py
[2026-04-19T20:16:56.485+0000] {logging_mixin.py:188} INFO - [2026-04-19T20:16:56.485+0000] {dag.py:3036} INFO - Sync 1 DAGs
[2026-04-19T20:16:56.523+0000] {logging_mixin.py:188} INFO - [2026-04-19T20:16:56.523+0000] {dag.py:3823} INFO - Setting next_dagrun for coingecko_pipeline to 2026-04-19 19:00:00+00:00, run_after=2026-04-19 20:00:00+00:00
[2026-04-19T20:16:56.572+0000] {processor.py:183} INFO - Processing /opt/airflow/dags/coingecko_dag.py took 0.783 seconds
[2026-04-19T20:17:27.271+0000] {processor.py:161} INFO - Started process (PID=250) to work on /opt/airflow/dags/coingecko_dag.py
[2026-04-19T20:17:27.274+0000] {processor.py:830} INFO - Processing file /opt/airflow/dags/coingecko_dag.py for tasks to queue
[2026-04-19T20:17:27.278+0000] {logging_mixin.py:188} INFO - [2026-04-19T20:17:27.277+0000] {dagbag.py:538} INFO - Filling up the DagBag from /opt/airflow/dags/coingecko_dag.py
[2026-04-19T20:17:27.986+0000] {processor.py:840} INFO - DAG(s) 'coingecko_pipeline' retrieved from /opt/airflow/dags/coingecko_dag.py
[2026-04-19T20:17:28.044+0000] {logging_mixin.py:188} INFO - [2026-04-19T20:17:28.043+0000] {dag.py:3036} INFO - Sync 1 DAGs
[2026-04-19T20:17:28.082+0000] {logging_mixin.py:188} INFO - [2026-04-19T20:17:28.081+0000] {dag.py:3823} INFO - Setting next_dagrun for coingecko_pipeline to 2026-04-19 19:00:00+00:00, run_after=2026-04-19 20:00:00+00:00
[2026-04-19T20:17:28.118+0000] {processor.py:183} INFO - Processing /opt/airflow/dags/coingecko_dag.py took 0.858 seconds
[2026-04-19T20:17:58.881+0000] {processor.py:161} INFO - Started process (PID=256) to work on /opt/airflow/dags/coingecko_dag.py
[2026-04-19T20:17:58.884+0000] {processor.py:830} INFO - Processing file /opt/airflow/dags/coingecko_dag.py for tasks to queue
[2026-04-19T20:17:58.886+0000] {logging_mixin.py:188} INFO - [2026-04-19T20:17:58.885+0000] {dagbag.py:538} INFO - Filling up the DagBag from /opt/airflow/dags/coingecko_dag.py
[2026-04-19T20:17:59.410+0000] {processor.py:840} INFO - DAG(s) 'coingecko_pipeline' retrieved from /opt/airflow/dags/coingecko_dag.py
[2026-04-19T20:17:59.469+0000] {logging_mixin.py:188} INFO - [2026-04-19T20:17:59.468+0000] {dag.py:3036} INFO - Sync 1 DAGs
[2026-04-19T20:17:59.510+0000] {logging_mixin.py:188} INFO - [2026-04-19T20:17:59.510+0000] {dag.py:3823} INFO - Setting next_dagrun for coingecko_pipeline to 2026-04-19 19:00:00+00:00, run_after=2026-04-19 20:00:00+00:00
[2026-04-19T20:17:59.578+0000] {processor.py:183} INFO - Processing /opt/airflow/dags/coingecko_dag.py took 0.706 seconds
[2026-04-19T20:18:30.060+0000] {processor.py:161} INFO - Started process (PID=262) to work on /opt/airflow/dags/coingecko_dag.py
[2026-04-19T20:18:30.064+0000] {processor.py:830} INFO - Processing file /opt/airflow/dags/coingecko_dag.py for tasks to queue
[2026-04-19T20:18:30.068+0000] {logging_mixin.py:188} INFO - [2026-04-19T20:18:30.067+0000] {dagbag.py:538} INFO - Filling up the DagBag from /opt/airflow/dags/coingecko_dag.py
[2026-04-19T20:18:30.710+0000] {processor.py:840} INFO - DAG(s) 'coingecko_pipeline' retrieved from /opt/airflow/dags/coingecko_dag.py
[2026-04-19T20:18:30.766+0000] {logging_mixin.py:188} INFO - [2026-04-19T20:18:30.766+0000] {dag.py:3036} INFO - Sync 1 DAGs
[2026-04-19T20:18:30.805+0000] {logging_mixin.py:188} INFO - [2026-04-19T20:18:30.804+0000] {dag.py:3823} INFO - Setting next_dagrun for coingecko_pipeline to 2026-04-19 19:00:00+00:00, run_after=2026-04-19 20:00:00+00:00
[2026-04-19T20:18:30.839+0000] {processor.py:183} INFO - Processing /opt/airflow/dags/coingecko_dag.py took 0.792 seconds
[2026-04-19T20:19:00.969+0000] {processor.py:161} INFO - Started process (PID=268) to work on /opt/airflow/dags/coingecko_dag.py
[2026-04-19T20:19:00.972+0000] {processor.py:830} INFO - Processing file /opt/airflow/dags/coingecko_dag.py for tasks to queue
[2026-04-19T20:19:00.975+0000] {logging_mixin.py:188} INFO - [2026-04-19T20:19:00.974+0000] {dagbag.py:538} INFO - Filling up the DagBag from /opt/airflow/dags/coingecko_dag.py
[2026-04-19T20:19:01.622+0000] {processor.py:840} INFO - DAG(s) 'coingecko_pipeline' retrieved from /opt/airflow/dags/coingecko_dag.py
[2026-04-19T20:19:01.762+0000] {logging_mixin.py:188} INFO - [2026-04-19T20:19:01.760+0000] {dag.py:3036} INFO - Sync 1 DAGs
[2026-04-19T20:19:02.026+0000] {logging_mixin.py:188} INFO - [2026-04-19T20:19:02.025+0000] {dag.py:3823} INFO - Setting next_dagrun for coingecko_pipeline to 2026-04-19 19:00:00+00:00, run_after=2026-04-19 20:00:00+00:00
[2026-04-19T20:19:02.157+0000] {processor.py:183} INFO - Processing /opt/airflow/dags/coingecko_dag.py took 1.197 seconds
[2026-04-19T20:19:32.538+0000] {processor.py:161} INFO - Started process (PID=274) to work on /opt/airflow/dags/coingecko_dag.py
[2026-04-19T20:19:32.541+0000] {processor.py:830} INFO - Processing file /opt/airflow/dags/coingecko_dag.py for tasks to queue
[2026-04-19T20:19:32.545+0000] {logging_mixin.py:188} INFO - [2026-04-19T20:19:32.544+0000] {dagbag.py:538} INFO - Filling up the DagBag from /opt/airflow/dags/coingecko_dag.py
[2026-04-19T20:19:33.242+0000] {processor.py:840} INFO - DAG(s) 'coingecko_pipeline' retrieved from /opt/airflow/dags/coingecko_dag.py
[2026-04-19T20:19:33.326+0000] {logging_mixin.py:188} INFO - [2026-04-19T20:19:33.323+0000] {dag.py:3036} INFO - Sync 1 DAGs
[2026-04-19T20:19:33.387+0000] {logging_mixin.py:188} INFO - [2026-04-19T20:19:33.387+0000] {dag.py:3823} INFO - Setting next_dagrun for coingecko_pipeline to 2026-04-19 19:00:00+00:00, run_after=2026-04-19 20:00:00+00:00
[2026-04-19T20:19:33.429+0000] {processor.py:183} INFO - Processing /opt/airflow/dags/coingecko_dag.py took 0.913 seconds
[2026-04-19T20:20:03.634+0000] {processor.py:161} INFO - Started process (PID=280) to work on /opt/airflow/dags/coingecko_dag.py
[2026-04-19T20:20:03.637+0000] {processor.py:830} INFO - Processing file /opt/airflow/dags/coingecko_dag.py for tasks to queue
[2026-04-19T20:20:03.640+0000] {logging_mixin.py:188} INFO - [2026-04-19T20:20:03.639+0000] {dagbag.py:538} INFO - Filling up the DagBag from /opt/airflow/dags/coingecko_dag.py
[2026-04-19T20:20:04.294+0000] {processor.py:840} INFO - DAG(s) 'coingecko_pipeline' retrieved from /opt/airflow/dags/coingecko_dag.py
[2026-04-19T20:20:04.349+0000] {logging_mixin.py:188} INFO - [2026-04-19T20:20:04.348+0000] {dag.py:3036} INFO - Sync 1 DAGs
[2026-04-19T20:20:04.390+0000] {logging_mixin.py:188} INFO - [2026-04-19T20:20:04.390+0000] {dag.py:3823} INFO - Setting next_dagrun for coingecko_pipeline to 2026-04-19 19:00:00+00:00, run_after=2026-04-19 20:00:00+00:00
[2026-04-19T20:20:04.431+0000] {processor.py:183} INFO - Processing /opt/airflow/dags/coingecko_dag.py took 0.809 seconds
[2026-04-19T20:20:34.871+0000] {processor.py:161} INFO - Started process (PID=286) to work on /opt/airflow/dags/coingecko_dag.py
[2026-04-19T20:20:34.880+0000] {processor.py:830} INFO - Processing file /opt/airflow/dags/coingecko_dag.py for tasks to queue
[2026-04-19T20:20:34.890+0000] {logging_mixin.py:188} INFO - [2026-04-19T20:20:34.887+0000] {dagbag.py:538} INFO - Filling up the DagBag from /opt/airflow/dags/coingecko_dag.py
[2026-04-19T20:20:35.733+0000] {processor.py:840} INFO - DAG(s) 'coingecko_pipeline' retrieved from /opt/airflow/dags/coingecko_dag.py
[2026-04-19T20:20:35.858+0000] {logging_mixin.py:188} INFO - [2026-04-19T20:20:35.857+0000] {dag.py:3036} INFO - Sync 1 DAGs
[2026-04-19T20:20:36.071+0000] {logging_mixin.py:188} INFO - [2026-04-19T20:20:36.070+0000] {dag.py:3823} INFO - Setting next_dagrun for coingecko_pipeline to 2026-04-19 19:00:00+00:00, run_after=2026-04-19 20:00:00+00:00
[2026-04-19T20:20:37.068+0000] {processor.py:183} INFO - Processing /opt/airflow/dags/coingecko_dag.py took 2.225 seconds
[2026-04-19T20:21:07.724+0000] {processor.py:161} INFO - Started process (PID=292) to work on /opt/airflow/dags/coingecko_dag.py
[2026-04-19T20:21:07.727+0000] {processor.py:830} INFO - Processing file /opt/airflow/dags/coingecko_dag.py for tasks to queue
[2026-04-19T20:21:07.729+0000] {logging_mixin.py:188} INFO - [2026-04-19T20:21:07.728+0000] {dagbag.py:538} INFO - Filling up the DagBag from /opt/airflow/dags/coingecko_dag.py
[2026-04-19T20:21:08.550+0000] {processor.py:840} INFO - DAG(s) 'coingecko_pipeline' retrieved from /opt/airflow/dags/coingecko_dag.py
[2026-04-19T20:21:08.638+0000] {logging_mixin.py:188} INFO - [2026-04-19T20:21:08.637+0000] {dag.py:3036} INFO - Sync 1 DAGs
[2026-04-19T20:21:08.684+0000] {logging_mixin.py:188} INFO - [2026-04-19T20:21:08.684+0000] {dag.py:3823} INFO - Setting next_dagrun for coingecko_pipeline to 2026-04-19 19:00:00+00:00, run_after=2026-04-19 20:00:00+00:00
[2026-04-19T20:21:08.742+0000] {processor.py:183} INFO - Processing /opt/airflow/dags/coingecko_dag.py took 1.024 seconds
[2026-04-19T20:21:39.581+0000] {processor.py:161} INFO - Started process (PID=298) to work on /opt/airflow/dags/coingecko_dag.py
[2026-04-19T20:21:39.590+0000] {processor.py:830} INFO - Processing file /opt/airflow/dags/coingecko_dag.py for tasks to queue
[2026-04-19T20:21:39.605+0000] {logging_mixin.py:188} INFO - [2026-04-19T20:21:39.597+0000] {dagbag.py:538} INFO - Filling up the DagBag from /opt/airflow/dags/coingecko_dag.py
[2026-04-19T20:21:46.584+0000] {processor.py:840} INFO - DAG(s) 'coingecko_pipeline' retrieved from /opt/airflow/dags/coingecko_dag.py
[2026-04-19T20:21:47.548+0000] {logging_mixin.py:188} INFO - [2026-04-19T20:21:47.547+0000] {dag.py:3036} INFO - Sync 1 DAGs
[2026-04-19T20:21:47.893+0000] {logging_mixin.py:188} INFO - [2026-04-19T20:21:47.892+0000] {dag.py:3823} INFO - Setting next_dagrun for coingecko_pipeline to 2026-04-19 19:00:00+00:00, run_after=2026-04-19 20:00:00+00:00
[2026-04-19T20:21:48.176+0000] {processor.py:183} INFO - Processing /opt/airflow/dags/coingecko_dag.py took 8.679 seconds
[2026-04-19T20:22:18.583+0000] {processor.py:161} INFO - Started process (PID=305) to work on /opt/airflow/dags/coingecko_dag.py
[2026-04-19T20:22:18.587+0000] {processor.py:830} INFO - Processing file /opt/airflow/dags/coingecko_dag.py for tasks to queue
[2026-04-19T20:22:18.590+0000] {logging_mixin.py:188} INFO - [2026-04-19T20:22:18.590+0000] {dagbag.py:538} INFO - Filling up the DagBag from /opt/airflow/dags/coingecko_dag.py
[2026-04-19T20:22:20.598+0000] {processor.py:840} INFO - DAG(s) 'coingecko_pipeline' retrieved from /opt/airflow/dags/coingecko_dag.py
[2026-04-19T20:22:20.994+0000] {logging_mixin.py:188} INFO - [2026-04-19T20:22:20.992+0000] {dag.py:3036} INFO - Sync 1 DAGs
[2026-04-19T20:22:21.346+0000] {logging_mixin.py:188} INFO - [2026-04-19T20:22:21.343+0000] {dag.py:3823} INFO - Setting next_dagrun for coingecko_pipeline to 2026-04-19 19:00:00+00:00, run_after=2026-04-19 20:00:00+00:00
[2026-04-19T20:22:21.564+0000] {processor.py:183} INFO - Processing /opt/airflow/dags/coingecko_dag.py took 2.998 seconds
[2026-04-19T20:22:52.348+0000] {processor.py:161} INFO - Started process (PID=311) to work on /opt/airflow/dags/coingecko_dag.py
[2026-04-19T20:22:52.352+0000] {processor.py:830} INFO - Processing file /opt/airflow/dags/coingecko_dag.py for tasks to queue
[2026-04-19T20:22:52.356+0000] {logging_mixin.py:188} INFO - [2026-04-19T20:22:52.355+0000] {dagbag.py:538} INFO - Filling up the DagBag from /opt/airflow/dags/coingecko_dag.py
[2026-04-19T20:22:53.283+0000] {processor.py:840} INFO - DAG(s) 'coingecko_pipeline' retrieved from /opt/airflow/dags/coingecko_dag.py
[2026-04-19T20:22:53.437+0000] {logging_mixin.py:188} INFO - [2026-04-19T20:22:53.435+0000] {dag.py:3036} INFO - Sync 1 DAGs
[2026-04-19T20:22:53.598+0000] {logging_mixin.py:188} INFO - [2026-04-19T20:22:53.598+0000] {dag.py:3823} INFO - Setting next_dagrun for coingecko_pipeline to 2026-04-19 19:00:00+00:00, run_after=2026-04-19 20:00:00+00:00
[2026-04-19T20:22:53.835+0000] {processor.py:183} INFO - Processing /opt/airflow/dags/coingecko_dag.py took 1.500 seconds
[2026-04-19T20:23:24.523+0000] {processor.py:161} INFO - Started process (PID=317) to work on /opt/airflow/dags/coingecko_dag.py
[2026-04-19T20:23:24.526+0000] {processor.py:830} INFO - Processing file /opt/airflow/dags/coingecko_dag.py for tasks to queue
[2026-04-19T20:23:24.530+0000] {logging_mixin.py:188} INFO - [2026-04-19T20:23:24.528+0000] {dagbag.py:538} INFO - Filling up the DagBag from /opt/airflow/dags/coingecko_dag.py
[2026-04-19T20:23:25.709+0000] {processor.py:840} INFO - DAG(s) 'coingecko_pipeline' retrieved from /opt/airflow/dags/coingecko_dag.py
[2026-04-19T20:23:25.789+0000] {logging_mixin.py:188} INFO - [2026-04-19T20:23:25.788+0000] {dag.py:3036} INFO - Sync 1 DAGs
[2026-04-19T20:23:26.152+0000] {logging_mixin.py:188} INFO - [2026-04-19T20:23:26.152+0000] {dag.py:3823} INFO - Setting next_dagrun for coingecko_pipeline to 2026-04-19 19:00:00+00:00, run_after=2026-04-19 20:00:00+00:00
[2026-04-19T20:23:26.255+0000] {processor.py:183} INFO - Processing /opt/airflow/dags/coingecko_dag.py took 1.743 seconds
[2026-04-19T20:23:56.753+0000] {processor.py:161} INFO - Started process (PID=323) to work on /opt/airflow/dags/coingecko_dag.py
[2026-04-19T20:23:56.758+0000] {processor.py:830} INFO - Processing file /opt/airflow/dags/coingecko_dag.py for tasks to queue
[2026-04-19T20:23:56.761+0000] {logging_mixin.py:188} INFO - [2026-04-19T20:23:56.760+0000] {dagbag.py:538} INFO - Filling up the DagBag from /opt/airflow/dags/coingecko_dag.py
[2026-04-19T20:23:57.668+0000] {processor.py:840} INFO - DAG(s) 'coingecko_pipeline' retrieved from /opt/airflow/dags/coingecko_dag.py
[2026-04-19T20:23:57.768+0000] {logging_mixin.py:188} INFO - [2026-04-19T20:23:57.767+0000] {dag.py:3036} INFO - Sync 1 DAGs
[2026-04-19T20:23:57.905+0000] {logging_mixin.py:188} INFO - [2026-04-19T20:23:57.905+0000] {dag.py:3823} INFO - Setting next_dagrun for coingecko_pipeline to 2026-04-19 19:00:00+00:00, run_after=2026-04-19 20:00:00+00:00
[2026-04-19T20:23:58.405+0000] {processor.py:183} INFO - Processing /opt/airflow/dags/coingecko_dag.py took 1.670 seconds
[2026-04-19T20:24:30.310+0000] {processor.py:161} INFO - Started process (PID=334) to work on /opt/airflow/dags/coingecko_dag.py
[2026-04-19T20:24:30.318+0000] {processor.py:830} INFO - Processing file /opt/airflow/dags/coingecko_dag.py for tasks to queue
[2026-04-19T20:24:30.329+0000] {logging_mixin.py:188} INFO - [2026-04-19T20:24:30.324+0000] {dagbag.py:538} INFO - Filling up the DagBag from /opt/airflow/dags/coingecko_dag.py
[2026-04-19T20:24:44.370+0000] {processor.py:840} INFO - DAG(s) 'coingecko_pipeline' retrieved from /opt/airflow/dags/coingecko_dag.py
[2026-04-19T20:24:44.769+0000] {logging_mixin.py:188} INFO - [2026-04-19T20:24:44.768+0000] {dag.py:3036} INFO - Sync 1 DAGs
[2026-04-19T20:24:44.975+0000] {logging_mixin.py:188} INFO - [2026-04-19T20:24:44.974+0000] {dag.py:3823} INFO - Setting next_dagrun for coingecko_pipeline to 2026-04-19 20:00:00+00:00, run_after=2026-04-19 21:00:00+00:00
[2026-04-19T20:24:45.088+0000] {processor.py:183} INFO - Processing /opt/airflow/dags/coingecko_dag.py took 15.778 seconds
[2026-04-19T20:25:15.915+0000] {processor.py:161} INFO - Started process (PID=341) to work on /opt/airflow/dags/coingecko_dag.py
[2026-04-19T20:25:15.946+0000] {processor.py:830} INFO - Processing file /opt/airflow/dags/coingecko_dag.py for tasks to queue
[2026-04-19T20:25:15.982+0000] {logging_mixin.py:188} INFO - [2026-04-19T20:25:15.975+0000] {dagbag.py:538} INFO - Filling up the DagBag from /opt/airflow/dags/coingecko_dag.py
[2026-04-19T20:25:21.223+0000] {processor.py:840} INFO - DAG(s) 'coingecko_pipeline' retrieved from /opt/airflow/dags/coingecko_dag.py
[2026-04-19T20:25:21.510+0000] {logging_mixin.py:188} INFO - [2026-04-19T20:25:21.508+0000] {dag.py:3036} INFO - Sync 1 DAGs
[2026-04-19T20:25:21.756+0000] {logging_mixin.py:188} INFO - [2026-04-19T20:25:21.756+0000] {dag.py:3823} INFO - Setting next_dagrun for coingecko_pipeline to 2026-04-19 20:00:00+00:00, run_after=2026-04-19 21:00:00+00:00
[2026-04-19T20:25:21.857+0000] {processor.py:183} INFO - Processing /opt/airflow/dags/coingecko_dag.py took 6.093 seconds
[2026-04-19T20:25:52.300+0000] {processor.py:161} INFO - Started process (PID=347) to work on /opt/airflow/dags/coingecko_dag.py
[2026-04-19T20:25:52.303+0000] {processor.py:830} INFO - Processing file /opt/airflow/dags/coingecko_dag.py for tasks to queue
[2026-04-19T20:25:52.306+0000] {logging_mixin.py:188} INFO - [2026-04-19T20:25:52.305+0000] {dagbag.py:538} INFO - Filling up the DagBag from /opt/airflow/dags/coingecko_dag.py
[2026-04-19T20:25:53.197+0000] {processor.py:840} INFO - DAG(s) 'coingecko_pipeline' retrieved from /opt/airflow/dags/coingecko_dag.py
[2026-04-19T20:25:53.335+0000] {logging_mixin.py:188} INFO - [2026-04-19T20:25:53.335+0000] {dag.py:3036} INFO - Sync 1 DAGs
[2026-04-19T20:25:53.482+0000] {logging_mixin.py:188} INFO - [2026-04-19T20:25:53.480+0000] {dag.py:3823} INFO - Setting next_dagrun for coingecko_pipeline to 2026-04-19 20:00:00+00:00, run_after=2026-04-19 21:00:00+00:00
[2026-04-19T20:25:53.617+0000] {processor.py:183} INFO - Processing /opt/airflow/dags/coingecko_dag.py took 1.327 seconds
[2026-04-19T20:26:24.066+0000] {processor.py:161} INFO - Started process (PID=353) to work on /opt/airflow/dags/coingecko_dag.py
[2026-04-19T20:26:24.074+0000] {processor.py:830} INFO - Processing file /opt/airflow/dags/coingecko_dag.py for tasks to queue
[2026-04-19T20:26:24.079+0000] {logging_mixin.py:188} INFO - [2026-04-19T20:26:24.078+0000] {dagbag.py:538} INFO - Filling up the DagBag from /opt/airflow/dags/coingecko_dag.py
[2026-04-19T20:26:25.868+0000] {processor.py:840} INFO - DAG(s) 'coingecko_pipeline' retrieved from /opt/airflow/dags/coingecko_dag.py
[2026-04-19T20:26:26.202+0000] {logging_mixin.py:188} INFO - [2026-04-19T20:26:26.201+0000] {dag.py:3036} INFO - Sync 1 DAGs
[2026-04-19T20:26:26.480+0000] {logging_mixin.py:188} INFO - [2026-04-19T20:26:26.479+0000] {dag.py:3823} INFO - Setting next_dagrun for coingecko_pipeline to 2026-04-19 20:00:00+00:00, run_after=2026-04-19 21:00:00+00:00
[2026-04-19T20:26:26.580+0000] {processor.py:183} INFO - Processing /opt/airflow/dags/coingecko_dag.py took 2.538 seconds
[2026-04-19T20:26:57.110+0000] {processor.py:161} INFO - Started process (PID=359) to work on /opt/airflow/dags/coingecko_dag.py
[2026-04-19T20:26:57.112+0000] {processor.py:830} INFO - Processing file /opt/airflow/dags/coingecko_dag.py for tasks to queue
[2026-04-19T20:26:57.115+0000] {logging_mixin.py:188} INFO - [2026-04-19T20:26:57.114+0000] {dagbag.py:538} INFO - Filling up the DagBag from /opt/airflow/dags/coingecko_dag.py
[2026-04-19T20:26:58.232+0000] {processor.py:840} INFO - DAG(s) 'coingecko_pipeline' retrieved from /opt/airflow/dags/coingecko_dag.py
[2026-04-19T20:26:58.456+0000] {logging_mixin.py:188} INFO - [2026-04-19T20:26:58.454+0000] {dag.py:3036} INFO - Sync 1 DAGs
[2026-04-19T20:26:58.757+0000] {logging_mixin.py:188} INFO - [2026-04-19T20:26:58.756+0000] {dag.py:3823} INFO - Setting next_dagrun for coingecko_pipeline to 2026-04-19 20:00:00+00:00, run_after=2026-04-19 21:00:00+00:00
[2026-04-19T20:26:58.903+0000] {processor.py:183} INFO - Processing /opt/airflow/dags/coingecko_dag.py took 1.807 seconds
[2026-04-19T20:27:29.458+0000] {processor.py:161} INFO - Started process (PID=365) to work on /opt/airflow/dags/coingecko_dag.py
[2026-04-19T20:27:29.468+0000] {processor.py:830} INFO - Processing file /opt/airflow/dags/coingecko_dag.py for tasks to queue
[2026-04-19T20:27:29.473+0000] {logging_mixin.py:188} INFO - [2026-04-19T20:27:29.471+0000] {dagbag.py:538} INFO - Filling up the DagBag from /opt/airflow/dags/coingecko_dag.py
[2026-04-19T20:27:30.693+0000] {processor.py:840} INFO - DAG(s) 'coingecko_pipeline' retrieved from /opt/airflow/dags/coingecko_dag.py
[2026-04-19T20:27:31.034+0000] {logging_mixin.py:188} INFO - [2026-04-19T20:27:31.031+0000] {dag.py:3036} INFO - Sync 1 DAGs
[2026-04-19T20:27:31.438+0000] {logging_mixin.py:188} INFO - [2026-04-19T20:27:31.436+0000] {dag.py:3823} INFO - Setting next_dagrun for coingecko_pipeline to 2026-04-19 20:00:00+00:00, run_after=2026-04-19 21:00:00+00:00
[2026-04-19T20:27:32.480+0000] {processor.py:183} INFO - Processing /opt/airflow/dags/coingecko_dag.py took 2.216 seconds
[2026-04-19T20:28:02.892+0000] {processor.py:161} INFO - Started process (PID=371) to work on /opt/airflow/dags/coingecko_dag.py
[2026-04-19T20:28:02.902+0000] {processor.py:830} INFO - Processing file /opt/airflow/dags/coingecko_dag.py for tasks to queue
[2026-04-19T20:28:02.905+0000] {logging_mixin.py:188} INFO - [2026-04-19T20:28:02.904+0000] {dagbag.py:538} INFO - Filling up the DagBag from /opt/airflow/dags/coingecko_dag.py
[2026-04-19T20:28:03.597+0000] {processor.py:840} INFO - DAG(s) 'coingecko_pipeline' retrieved from /opt/airflow/dags/coingecko_dag.py
[2026-04-19T20:28:04.153+0000] {logging_mixin.py:188} INFO - [2026-04-19T20:28:04.149+0000] {dag.py:3036} INFO - Sync 1 DAGs
[2026-04-19T20:28:04.457+0000] {logging_mixin.py:188} INFO - [2026-04-19T20:28:04.456+0000] {dag.py:3823} INFO - Setting next_dagrun for coingecko_pipeline to 2026-04-19 20:00:00+00:00, run_after=2026-04-19 21:00:00+00:00
[2026-04-19T20:28:04.592+0000] {processor.py:183} INFO - Processing /opt/airflow/dags/coingecko_dag.py took 1.712 seconds
[2026-04-19T20:28:34.897+0000] {processor.py:161} INFO - Started process (PID=377) to work on /opt/airflow/dags/coingecko_dag.py
[2026-04-19T20:28:34.900+0000] {processor.py:830} INFO - Processing file /opt/airflow/dags/coingecko_dag.py for tasks to queue
[2026-04-19T20:28:34.903+0000] {logging_mixin.py:188} INFO - [2026-04-19T20:28:34.902+0000] {dagbag.py:538} INFO - Filling up the DagBag from /opt/airflow/dags/coingecko_dag.py
[2026-04-19T20:28:35.757+0000] {processor.py:840} INFO - DAG(s) 'coingecko_pipeline' retrieved from /opt/airflow/dags/coingecko_dag.py
[2026-04-19T20:28:35.853+0000] {logging_mixin.py:188} INFO - [2026-04-19T20:28:35.852+0000] {dag.py:3036} INFO - Sync 1 DAGs
[2026-04-19T20:28:36.299+0000] {logging_mixin.py:188} INFO - [2026-04-19T20:28:36.299+0000] {dag.py:3823} INFO - Setting next_dagrun for coingecko_pipeline to 2026-04-19 20:00:00+00:00, run_after=2026-04-19 21:00:00+00:00
[2026-04-19T20:28:36.462+0000] {processor.py:183} INFO - Processing /opt/airflow/dags/coingecko_dag.py took 1.577 seconds
[2026-04-19T20:29:07.654+0000] {processor.py:161} INFO - Started process (PID=383) to work on /opt/airflow/dags/coingecko_dag.py
[2026-04-19T20:29:07.670+0000] {processor.py:830} INFO - Processing file /opt/airflow/dags/coingecko_dag.py for tasks to queue
[2026-04-19T20:29:07.707+0000] {logging_mixin.py:188} INFO - [2026-04-19T20:29:07.701+0000] {dagbag.py:538} INFO - Filling up the DagBag from /opt/airflow/dags/coingecko_dag.py
[2026-04-19T20:31:22.499+0000] {processor.py:161} INFO - Started process (PID=189) to work on /opt/airflow/dags/coingecko_dag.py
[2026-04-19T20:31:22.633+0000] {processor.py:830} INFO - Processing file /opt/airflow/dags/coingecko_dag.py for tasks to queue
[2026-04-19T20:31:22.682+0000] {logging_mixin.py:188} INFO - [2026-04-19T20:31:22.672+0000] {dagbag.py:538} INFO - Filling up the DagBag from /opt/airflow/dags/coingecko_dag.py
[2026-04-19T20:31:28.699+0000] {processor.py:840} INFO - DAG(s) 'coingecko_pipeline' retrieved from /opt/airflow/dags/coingecko_dag.py
[2026-04-19T20:31:29.328+0000] {logging_mixin.py:188} INFO - [2026-04-19T20:31:29.327+0000] {dag.py:3036} INFO - Sync 1 DAGs
[2026-04-19T20:31:29.761+0000] {logging_mixin.py:188} INFO - [2026-04-19T20:31:29.759+0000] {dag.py:3823} INFO - Setting next_dagrun for coingecko_pipeline to 2026-04-19 20:00:00+00:00, run_after=2026-04-19 21:00:00+00:00
[2026-04-19T20:31:29.959+0000] {processor.py:183} INFO - Processing /opt/airflow/dags/coingecko_dag.py took 7.913 seconds
[2026-04-19T20:32:01.075+0000] {processor.py:161} INFO - Started process (PID=207) to work on /opt/airflow/dags/coingecko_dag.py
[2026-04-19T20:32:01.117+0000] {processor.py:830} INFO - Processing file /opt/airflow/dags/coingecko_dag.py for tasks to queue
[2026-04-19T20:32:03.394+0000] {logging_mixin.py:188} INFO - [2026-04-19T20:32:03.372+0000] {dagbag.py:538} INFO - Filling up the DagBag from /opt/airflow/dags/coingecko_dag.py
[2026-04-19T20:32:09.861+0000] {processor.py:840} INFO - DAG(s) 'coingecko_pipeline' retrieved from /opt/airflow/dags/coingecko_dag.py
[2026-04-19T20:32:15.321+0000] {logging_mixin.py:188} INFO - [2026-04-19T20:32:15.320+0000] {dag.py:3036} INFO - Sync 1 DAGs
[2026-04-19T20:32:15.366+0000] {logging_mixin.py:188} INFO - [2026-04-19T20:32:15.365+0000] {dag.py:3823} INFO - Setting next_dagrun for coingecko_pipeline to 2026-04-19 20:00:00+00:00, run_after=2026-04-19 21:00:00+00:00
[2026-04-19T20:32:15.413+0000] {processor.py:183} INFO - Processing /opt/airflow/dags/coingecko_dag.py took 15.226 seconds
[2026-04-19T20:32:46.153+0000] {processor.py:161} INFO - Started process (PID=217) to work on /opt/airflow/dags/coingecko_dag.py
[2026-04-19T20:32:46.164+0000] {processor.py:830} INFO - Processing file /opt/airflow/dags/coingecko_dag.py for tasks to queue
[2026-04-19T20:32:46.184+0000] {logging_mixin.py:188} INFO - [2026-04-19T20:32:46.176+0000] {dagbag.py:538} INFO - Filling up the DagBag from /opt/airflow/dags/coingecko_dag.py
[2026-04-19T20:32:47.842+0000] {processor.py:840} INFO - DAG(s) 'coingecko_pipeline' retrieved from /opt/airflow/dags/coingecko_dag.py
[2026-04-19T20:32:48.148+0000] {logging_mixin.py:188} INFO - [2026-04-19T20:32:48.147+0000] {dag.py:3036} INFO - Sync 1 DAGs
[2026-04-19T20:32:48.263+0000] {logging_mixin.py:188} INFO - [2026-04-19T20:32:48.262+0000] {dag.py:3823} INFO - Setting next_dagrun for coingecko_pipeline to 2026-04-19 20:00:00+00:00, run_after=2026-04-19 21:00:00+00:00
[2026-04-19T20:32:48.318+0000] {processor.py:183} INFO - Processing /opt/airflow/dags/coingecko_dag.py took 2.241 seconds
[2026-04-19T20:33:18.691+0000] {processor.py:161} INFO - Started process (PID=223) to work on /opt/airflow/dags/coingecko_dag.py
[2026-04-19T20:33:18.708+0000] {processor.py:830} INFO - Processing file /opt/airflow/dags/coingecko_dag.py for tasks to queue
[2026-04-19T20:33:18.713+0000] {logging_mixin.py:188} INFO - [2026-04-19T20:33:18.711+0000] {dagbag.py:538} INFO - Filling up the DagBag from /opt/airflow/dags/coingecko_dag.py
[2026-04-19T20:33:19.359+0000] {processor.py:840} INFO - DAG(s) 'coingecko_pipeline' retrieved from /opt/airflow/dags/coingecko_dag.py
[2026-04-19T20:33:19.463+0000] {logging_mixin.py:188} INFO - [2026-04-19T20:33:19.462+0000] {dag.py:3036} INFO - Sync 1 DAGs
[2026-04-19T20:33:19.581+0000] {logging_mixin.py:188} INFO - [2026-04-19T20:33:19.580+0000] {dag.py:3823} INFO - Setting next_dagrun for coingecko_pipeline to 2026-04-19 20:00:00+00:00, run_after=2026-04-19 21:00:00+00:00
[2026-04-19T20:33:19.680+0000] {processor.py:183} INFO - Processing /opt/airflow/dags/coingecko_dag.py took 1.041 seconds
[2026-04-19T20:33:50.081+0000] {processor.py:161} INFO - Started process (PID=229) to work on /opt/airflow/dags/coingecko_dag.py
[2026-04-19T20:33:50.085+0000] {processor.py:830} INFO - Processing file /opt/airflow/dags/coingecko_dag.py for tasks to queue
[2026-04-19T20:33:50.090+0000] {logging_mixin.py:188} INFO - [2026-04-19T20:33:50.089+0000] {dagbag.py:538} INFO - Filling up the DagBag from /opt/airflow/dags/coingecko_dag.py
[2026-04-19T20:33:51.043+0000] {processor.py:840} INFO - DAG(s) 'coingecko_pipeline' retrieved from /opt/airflow/dags/coingecko_dag.py
[2026-04-19T20:33:51.498+0000] {logging_mixin.py:188} INFO - [2026-04-19T20:33:51.496+0000] {dag.py:3036} INFO - Sync 1 DAGs
[2026-04-19T20:33:51.586+0000] {logging_mixin.py:188} INFO - [2026-04-19T20:33:51.586+0000] {dag.py:3823} INFO - Setting next_dagrun for coingecko_pipeline to 2026-04-19 20:00:00+00:00, run_after=2026-04-19 21:00:00+00:00
[2026-04-19T20:33:51.670+0000] {processor.py:183} INFO - Processing /opt/airflow/dags/coingecko_dag.py took 1.604 seconds
[2026-04-19T20:34:22.233+0000] {processor.py:161} INFO - Started process (PID=235) to work on /opt/airflow/dags/coingecko_dag.py
[2026-04-19T20:34:22.237+0000] {processor.py:830} INFO - Processing file /opt/airflow/dags/coingecko_dag.py for tasks to queue
[2026-04-19T20:34:22.243+0000] {logging_mixin.py:188} INFO - [2026-04-19T20:34:22.241+0000] {dagbag.py:538} INFO - Filling up the DagBag from /opt/airflow/dags/coingecko_dag.py
[2026-04-19T20:34:23.402+0000] {processor.py:840} INFO - DAG(s) 'coingecko_pipeline' retrieved from /opt/airflow/dags/coingecko_dag.py
[2026-04-19T20:34:23.815+0000] {logging_mixin.py:188} INFO - [2026-04-19T20:34:23.814+0000] {dag.py:3036} INFO - Sync 1 DAGs
[2026-04-19T20:34:24.154+0000] {logging_mixin.py:188} INFO - [2026-04-19T20:34:24.151+0000] {dag.py:3823} INFO - Setting next_dagrun for coingecko_pipeline to 2026-04-19 20:00:00+00:00, run_after=2026-04-19 21:00:00+00:00
[2026-04-19T20:34:24.386+0000] {processor.py:183} INFO - Processing /opt/airflow/dags/coingecko_dag.py took 2.169 seconds
[2026-04-19T20:34:56.329+0000] {processor.py:161} INFO - Started process (PID=242) to work on /opt/airflow/dags/coingecko_dag.py
[2026-04-19T20:34:56.384+0000] {processor.py:830} INFO - Processing file /opt/airflow/dags/coingecko_dag.py for tasks to queue
[2026-04-19T20:34:56.454+0000] {logging_mixin.py:188} INFO - [2026-04-19T20:34:56.413+0000] {dagbag.py:538} INFO - Filling up the DagBag from /opt/airflow/dags/coingecko_dag.py
[2026-04-19T20:35:07.344+0000] {processor.py:840} INFO - DAG(s) 'coingecko_pipeline' retrieved from /opt/airflow/dags/coingecko_dag.py
[2026-04-19T20:35:08.741+0000] {logging_mixin.py:188} INFO - [2026-04-19T20:35:08.739+0000] {dag.py:3036} INFO - Sync 1 DAGs
[2026-04-19T20:35:09.387+0000] {logging_mixin.py:188} INFO - [2026-04-19T20:35:09.385+0000] {dag.py:3823} INFO - Setting next_dagrun for coingecko_pipeline to 2026-04-19 20:00:00+00:00, run_after=2026-04-19 21:00:00+00:00
[2026-04-19T20:35:09.580+0000] {processor.py:183} INFO - Processing /opt/airflow/dags/coingecko_dag.py took 13.608 seconds
[2026-04-19T20:35:41.331+0000] {processor.py:161} INFO - Started process (PID=253) to work on /opt/airflow/dags/coingecko_dag.py
[2026-04-19T20:35:41.354+0000] {processor.py:830} INFO - Processing file /opt/airflow/dags/coingecko_dag.py for tasks to queue
[2026-04-19T20:35:41.368+0000] {logging_mixin.py:188} INFO - [2026-04-19T20:35:41.364+0000] {dagbag.py:538} INFO - Filling up the DagBag from /opt/airflow/dags/coingecko_dag.py
[2026-04-19T20:35:44.946+0000] {processor.py:840} INFO - DAG(s) 'coingecko_pipeline' retrieved from /opt/airflow/dags/coingecko_dag.py
[2026-04-19T20:35:45.506+0000] {logging_mixin.py:188} INFO - [2026-04-19T20:35:45.505+0000] {dag.py:3036} INFO - Sync 1 DAGs
[2026-04-19T20:35:46.499+0000] {logging_mixin.py:188} INFO - [2026-04-19T20:35:46.484+0000] {dag.py:3823} INFO - Setting next_dagrun for coingecko_pipeline to 2026-04-19 20:00:00+00:00, run_after=2026-04-19 21:00:00+00:00
[2026-04-19T20:35:46.786+0000] {processor.py:183} INFO - Processing /opt/airflow/dags/coingecko_dag.py took 5.601 seconds
[2026-04-19T20:36:18.043+0000] {processor.py:161} INFO - Started process (PID=260) to work on /opt/airflow/dags/coingecko_dag.py
[2026-04-19T20:36:18.068+0000] {processor.py:830} INFO - Processing file /opt/airflow/dags/coingecko_dag.py for tasks to queue
[2026-04-19T20:36:18.112+0000] {logging_mixin.py:188} INFO - [2026-04-19T20:36:18.100+0000] {dagbag.py:538} INFO - Filling up the DagBag from /opt/airflow/dags/coingecko_dag.py
[2026-04-19T20:36:24.180+0000] {processor.py:840} INFO - DAG(s) 'coingecko_pipeline' retrieved from /opt/airflow/dags/coingecko_dag.py
[2026-04-19T20:36:24.566+0000] {logging_mixin.py:188} INFO - [2026-04-19T20:36:24.565+0000] {dag.py:3036} INFO - Sync 1 DAGs
[2026-04-19T20:36:24.950+0000] {logging_mixin.py:188} INFO - [2026-04-19T20:36:24.950+0000] {dag.py:3823} INFO - Setting next_dagrun for coingecko_pipeline to 2026-04-19 20:00:00+00:00, run_after=2026-04-19 21:00:00+00:00
[2026-04-19T20:36:25.502+0000] {processor.py:183} INFO - Processing /opt/airflow/dags/coingecko_dag.py took 7.781 seconds
[2026-04-19T20:36:56.353+0000] {processor.py:161} INFO - Started process (PID=266) to work on /opt/airflow/dags/coingecko_dag.py
[2026-04-19T20:36:56.375+0000] {processor.py:830} INFO - Processing file /opt/airflow/dags/coingecko_dag.py for tasks to queue
[2026-04-19T20:36:56.385+0000] {logging_mixin.py:188} INFO - [2026-04-19T20:36:56.380+0000] {dagbag.py:538} INFO - Filling up the DagBag from /opt/airflow/dags/coingecko_dag.py
[2026-04-19T20:37:02.422+0000] {processor.py:840} INFO - DAG(s) 'coingecko_pipeline' retrieved from /opt/airflow/dags/coingecko_dag.py
[2026-04-19T20:37:03.938+0000] {logging_mixin.py:188} INFO - [2026-04-19T20:37:03.936+0000] {dag.py:3036} INFO - Sync 1 DAGs
[2026-04-19T20:37:04.434+0000] {logging_mixin.py:188} INFO - [2026-04-19T20:37:04.433+0000] {dag.py:3823} INFO - Setting next_dagrun for coingecko_pipeline to 2026-04-19 20:00:00+00:00, run_after=2026-04-19 21:00:00+00:00
[2026-04-19T20:37:04.565+0000] {processor.py:183} INFO - Processing /opt/airflow/dags/coingecko_dag.py took 8.327 seconds
[2026-04-19T20:37:34.993+0000] {processor.py:161} INFO - Started process (PID=272) to work on /opt/airflow/dags/coingecko_dag.py
[2026-04-19T20:37:35.002+0000] {processor.py:830} INFO - Processing file /opt/airflow/dags/coingecko_dag.py for tasks to queue
[2026-04-19T20:37:35.012+0000] {logging_mixin.py:188} INFO - [2026-04-19T20:37:35.009+0000] {dagbag.py:538} INFO - Filling up the DagBag from /opt/airflow/dags/coingecko_dag.py
[2026-04-19T20:37:35.892+0000] {processor.py:840} INFO - DAG(s) 'coingecko_pipeline' retrieved from /opt/airflow/dags/coingecko_dag.py
[2026-04-19T20:37:36.198+0000] {logging_mixin.py:188} INFO - [2026-04-19T20:37:36.197+0000] {dag.py:3036} INFO - Sync 1 DAGs
[2026-04-19T20:37:36.382+0000] {logging_mixin.py:188} INFO - [2026-04-19T20:37:36.382+0000] {dag.py:3823} INFO - Setting next_dagrun for coingecko_pipeline to 2026-04-19 20:00:00+00:00, run_after=2026-04-19 21:00:00+00:00
[2026-04-19T20:37:36.471+0000] {processor.py:183} INFO - Processing /opt/airflow/dags/coingecko_dag.py took 1.527 seconds
[2026-04-19T20:38:06.903+0000] {processor.py:161} INFO - Started process (PID=278) to work on /opt/airflow/dags/coingecko_dag.py
[2026-04-19T20:38:06.907+0000] {processor.py:830} INFO - Processing file /opt/airflow/dags/coingecko_dag.py for tasks to queue
[2026-04-19T20:38:06.910+0000] {logging_mixin.py:188} INFO - [2026-04-19T20:38:06.909+0000] {dagbag.py:538} INFO - Filling up the DagBag from /opt/airflow/dags/coingecko_dag.py
[2026-04-19T20:38:07.960+0000] {processor.py:840} INFO - DAG(s) 'coingecko_pipeline' retrieved from /opt/airflow/dags/coingecko_dag.py
[2026-04-19T20:38:08.063+0000] {logging_mixin.py:188} INFO - [2026-04-19T20:38:08.062+0000] {dag.py:3036} INFO - Sync 1 DAGs
[2026-04-19T20:38:08.106+0000] {logging_mixin.py:188} INFO - [2026-04-19T20:38:08.106+0000] {dag.py:3823} INFO - Setting next_dagrun for coingecko_pipeline to 2026-04-19 20:00:00+00:00, run_after=2026-04-19 21:00:00+00:00
[2026-04-19T20:38:08.157+0000] {processor.py:183} INFO - Processing /opt/airflow/dags/coingecko_dag.py took 1.267 seconds
[2026-04-19T20:38:37.980+0000] {processor.py:161} INFO - Started process (PID=284) to work on /opt/airflow/dags/coingecko_dag.py
[2026-04-19T20:38:37.992+0000] {processor.py:830} INFO - Processing file /opt/airflow/dags/coingecko_dag.py for tasks to queue
[2026-04-19T20:38:38.012+0000] {logging_mixin.py:188} INFO - [2026-04-19T20:38:38.002+0000] {dagbag.py:538} INFO - Filling up the DagBag from /opt/airflow/dags/coingecko_dag.py
[2026-04-19T20:38:41.944+0000] {processor.py:840} INFO - DAG(s) 'coingecko_pipeline' retrieved from /opt/airflow/dags/coingecko_dag.py
[2026-04-19T20:38:42.471+0000] {logging_mixin.py:188} INFO - [2026-04-19T20:38:42.469+0000] {dag.py:3036} INFO - Sync 1 DAGs
[2026-04-19T20:38:42.914+0000] {logging_mixin.py:188} INFO - [2026-04-19T20:38:42.913+0000] {dag.py:3823} INFO - Setting next_dagrun for coingecko_pipeline to 2026-04-19 20:00:00+00:00, run_after=2026-04-19 21:00:00+00:00
[2026-04-19T20:38:43.089+0000] {processor.py:183} INFO - Processing /opt/airflow/dags/coingecko_dag.py took 5.234 seconds
[2026-04-19T20:39:13.369+0000] {processor.py:161} INFO - Started process (PID=290) to work on /opt/airflow/dags/coingecko_dag.py
[2026-04-19T20:39:13.374+0000] {processor.py:830} INFO - Processing file /opt/airflow/dags/coingecko_dag.py for tasks to queue
[2026-04-19T20:39:13.378+0000] {logging_mixin.py:188} INFO - [2026-04-19T20:39:13.377+0000] {dagbag.py:538} INFO - Filling up the DagBag from /opt/airflow/dags/coingecko_dag.py
[2026-04-19T20:39:14.598+0000] {processor.py:840} INFO - DAG(s) 'coingecko_pipeline' retrieved from /opt/airflow/dags/coingecko_dag.py
[2026-04-19T20:39:14.662+0000] {logging_mixin.py:188} INFO - [2026-04-19T20:39:14.661+0000] {dag.py:3036} INFO - Sync 1 DAGs
[2026-04-19T20:39:14.841+0000] {logging_mixin.py:188} INFO - [2026-04-19T20:39:14.840+0000] {dag.py:3823} INFO - Setting next_dagrun for coingecko_pipeline to 2026-04-19 20:00:00+00:00, run_after=2026-04-19 21:00:00+00:00
[2026-04-19T20:39:14.935+0000] {processor.py:183} INFO - Processing /opt/airflow/dags/coingecko_dag.py took 1.579 seconds
